<?xml version="1.0" encoding="utf-8"?><testsuites><testsuite errors="0" failures="0" hostname="DESKTOP-57N0HN9" name="pytest" skipped="0" tests="4" time="17.760" timestamp="2020-09-10T16:39:52.289845"><testcase classname="test_dir.test_baidu.TestSearch" file="test_dir\test_baidu.py" line="17" name="test_baidu_search_case" time="7.799"></testcase><testcase classname="test_dir.test_baidu.TestSearchSettings" file="test_dir\test_baidu.py" line="37" name="test_baidu_search_setting" time="2.353"></testcase><testcase classname="test_dir.test_parametrize" file="test_dir\test_parametrize.py" line="47" name="test_baidu_search[1-Selenium]" time="2.546"></testcase><testcase classname="test_dir.test_parametrize" file="test_dir\test_parametrize.py" line="47" name="test_baidu_search[2-poium]" time="4.442"></testcase></testsuite></testsuites>