<?xml version="1.0" encoding="utf-8"?><testsuites><testsuite errors="0" failures="0" hostname="DESKTOP-57N0HN9" name="pytest" skipped="0" tests="0" time="7.730" timestamp="2020-09-15T15:01:30.109295"></testsuite></testsuites>